<?xml version="1.0" encoding="UTF-8"?>
<!-- Generated by org.testng.reporters.JUnitReportReporter -->
<testsuite hostname="LAPTOP-KRMP2HCM" failures="0" tests="2" name="com.opencart.tests.MainTest" time="11.714" errors="0" timestamp="2021-04-21T12:07:26 IST" skipped="0">
  <testcase classname="com.opencart.tests.MainTest" name="setup" time="6.734"/>
  <system-out/>
  <testcase classname="com.opencart.tests.MainTest" name="userLogin" time="4.980"/>
  <system-out/>
</testsuite> <!-- com.opencart.tests.MainTest -->
