<?xml version="1.0" encoding="UTF-8"?>
<!-- Generated by org.testng.reporters.JUnitReportReporter -->
<testsuite hostname="LAPTOP-KRMP2HCM" failures="0" tests="2" name="com.opencart.selectitem.SelectandAdd" time="10.735" errors="0" timestamp="2021-04-20T11:26:52 IST" skipped="0">
  <testcase classname="com.opencart.selectitem.SelectandAdd" name="setup" time="4.787"/>
  <system-out/>
  <testcase classname="com.opencart.selectitem.SelectandAdd" name="selectAdd" time="5.948"/>
  <system-out/>
</testsuite> <!-- com.opencart.selectitem.SelectandAdd -->
