<?xml version="1.0" encoding="UTF-8"?>
<!-- Generated by org.testng.reporters.JUnitReportReporter -->
<testsuite hostname="DESKTOP-PB6R7TP" failures="0" tests="2" name="com.opencart.tests.UploadFile" time="9.267" errors="0" timestamp="2021-04-20T10:18:37 IST" skipped="0">
  <testcase classname="com.opencart.tests.UploadFile" name="setup" time="3.746"/>
  <system-out/>
  <testcase classname="com.opencart.tests.UploadFile" name="selectAdd" time="5.521"/>
  <system-out/>
</testsuite> <!-- com.opencart.tests.UploadFile -->
