<?xml version="1.0" encoding="UTF-8"?>
<!-- Generated by org.testng.reporters.JUnitReportReporter -->
<testsuite hostname="LAPTOP-KRMP2HCM" failures="0" tests="2" name="com.opencart.tests.AccountFailure" time="9.623" errors="0" timestamp="2021-04-20T11:42:56 IST" skipped="0">
  <testcase classname="com.opencart.tests.AccountFailure" name="setup" time="6.092"/>
  <system-out/>
  <testcase classname="com.opencart.tests.AccountFailure" name="userLogin" time="3.531"/>
  <system-out/>
</testsuite> <!-- com.opencart.tests.AccountFailure -->
