<?xml version="1.0" encoding="UTF-8"?>
<!-- Generated by org.testng.reporters.JUnitReportReporter -->
<testsuite hostname="DESKTOP-PB6R7TP" failures="0" tests="2" name="com.opencart.pages.GeustCheckoutPage" time="22.283" errors="0" timestamp="2021-04-23T13:02:27 IST" skipped="0">
  <testcase classname="com.opencart.pages.GeustCheckoutPage" name="setup" time="3.745"/>
  <system-out/>
  <testcase classname="com.opencart.pages.GeustCheckoutPage" name="selectAdd" time="18.538"/>
  <system-out/>
</testsuite> <!-- com.opencart.pages.GeustCheckoutPage -->
