<?xml version="1.0" encoding="UTF-8"?>
<!-- Generated by org.testng.reporters.JUnitReportReporter -->
<testsuite hostname="DESKTOP-PB6R7TP" failures="0" tests="1" name="com.opencart.tests.VerifyTitle" time="4.148" errors="0" timestamp="2021-04-19T14:20:01 IST" skipped="0">
  <testcase classname="com.opencart.tests.VerifyTitle" name="verifyPagetitle" time="4.148"/>
  <system-out/>
</testsuite> <!-- com.opencart.tests.VerifyTitle -->
