<?xml version="1.0" encoding="UTF-8"?>
<!-- Generated by org.testng.reporters.JUnitReportReporter -->
<testsuite hostname="DESKTOP-PB6R7TP" failures="0" tests="2" name="com.opencart.tests.MainTest" time="7.832" errors="0" timestamp="2021-04-19T13:13:15 IST" skipped="0">
  <testcase classname="com.opencart.tests.MainTest" name="setup" time="3.679"/>
  <system-out/>
  <testcase classname="com.opencart.tests.MainTest" name="userLogin" time="4.153"/>
  <system-out/>
</testsuite> <!-- com.opencart.tests.MainTest -->
