<?xml version="1.0" encoding="UTF-8"?>
<!-- Generated by org.testng.reporters.JUnitReportReporter -->
<testsuite hostname="DESKTOP-PB6R7TP" failures="0" tests="1" name="com.opencart.pages.VerifyTitlePage" time="4.501" errors="0" timestamp="2021-04-21T11:59:35 IST" skipped="0">
  <testcase classname="com.opencart.pages.VerifyTitlePage" name="verifyPagetitle" time="4.501"/>
  <system-out/>
</testsuite> <!-- com.opencart.pages.VerifyTitlePage -->
