<?xml version="1.0" encoding="UTF-8"?>
<!-- Generated by org.testng.reporters.JUnitReportReporter -->
<testsuite hostname="DESKTOP-PB6R7TP" failures="0" tests="2" name="com.opencart.pages.AccountFailurePage" time="7.955" errors="0" timestamp="2021-04-23T13:07:45 IST" skipped="0">
  <testcase classname="com.opencart.pages.AccountFailurePage" name="setup" time="3.890"/>
  <system-out/>
  <testcase classname="com.opencart.pages.AccountFailurePage" name="userLogin" time="4.065"/>
  <system-out/>
</testsuite> <!-- com.opencart.pages.AccountFailurePage -->
