<?xml version="1.0" encoding="UTF-8"?>
<!-- Generated by org.testng.reporters.JUnitReportReporter -->
<testsuite hostname="DESKTOP-PB6R7TP" failures="0" tests="2" name="com.opencart.pages.ProductAvailabilityPage" time="15.782" errors="0" timestamp="2021-04-21T18:49:18 IST" skipped="0">
  <testcase classname="com.opencart.pages.ProductAvailabilityPage" name="setup" time="3.878"/>
  <system-out/>
  <testcase classname="com.opencart.pages.ProductAvailabilityPage" name="userLogin" time="11.904"/>
  <system-out/>
</testsuite> <!-- com.opencart.pages.ProductAvailabilityPage -->
