<?xml version="1.0" encoding="UTF-8"?>
<!-- Generated by org.testng.reporters.JUnitReportReporter -->
<testsuite hostname="DESKTOP-PB6R7TP" failures="0" tests="2" name="com.opencart.pages.EditAccountPage" time="13.794" errors="0" timestamp="2021-04-21T17:48:51 IST" skipped="0">
  <testcase classname="com.opencart.pages.EditAccountPage" name="setup" time="3.801"/>
  <system-out/>
  <testcase classname="com.opencart.pages.EditAccountPage" name="userLogin" time="9.993"/>
  <system-out/>
</testsuite> <!-- com.opencart.pages.EditAccountPage -->
