<?xml version="1.0" encoding="UTF-8"?>
<!-- Generated by org.testng.reporters.JUnitReportReporter -->
<testsuite hostname="DESKTOP-PB6R7TP" failures="0" tests="2" name="com.opencart.pages.UploadFilePage" time="9.364" errors="0" timestamp="2021-04-21T11:57:21 IST" skipped="0">
  <testcase classname="com.opencart.pages.UploadFilePage" name="setup" time="3.922"/>
  <system-out/>
  <testcase classname="com.opencart.pages.UploadFilePage" name="selectAdd" time="5.442"/>
  <system-out/>
</testsuite> <!-- com.opencart.pages.UploadFilePage -->
