<?xml version="1.0" encoding="UTF-8"?>
<!-- Generated by org.testng.reporters.JUnitReportReporter -->
<testsuite hostname="DESKTOP-PB6R7TP" failures="0" tests="2" name="com.opencart.tests.AccountFailure" time="6.612" errors="0" timestamp="2021-04-19T14:02:40 IST" skipped="0">
  <testcase classname="com.opencart.tests.AccountFailure" name="setup" time="3.602"/>
  <system-out/>
  <testcase classname="com.opencart.tests.AccountFailure" name="userLogin" time="3.010"/>
  <system-out/>
</testsuite> <!-- com.opencart.tests.AccountFailure -->
