<?xml version="1.0" encoding="UTF-8"?>
<!-- Generated by org.testng.reporters.JUnitReportReporter -->
<testsuite hostname="DESKTOP-PB6R7TP" failures="0" tests="1" name="com.opencart.pages.LoginExcelPage" time="8.345" errors="0" timestamp="2021-04-23T12:52:55 IST" skipped="0">
  <testcase classname="com.opencart.pages.LoginExcelPage" name="fileread" time="8.345"/>
  <system-out>
Browser launched succesfully user logged in successfully  </system-out>
</testsuite> <!-- com.opencart.pages.LoginExcelPage -->
