<?xml version="1.0" encoding="UTF-8"?>
<!-- Generated by org.testng.reporters.JUnitReportReporter -->
<testsuite hostname="DESKTOP-PB6R7TP" failures="0" tests="2" name="com.opencart.tests.Estimate" time="8.065" errors="0" timestamp="2021-04-21T12:00:39 IST" skipped="0">
  <testcase classname="com.opencart.tests.Estimate" name="setup" time="3.798"/>
  <system-out/>
  <testcase classname="com.opencart.tests.Estimate" name="userLogin" time="4.267"/>
  <system-out/>
</testsuite> <!-- com.opencart.tests.Estimate -->
