<?xml version="1.0" encoding="UTF-8"?>
<!-- Generated by org.testng.reporters.JUnitReportReporter -->
<testsuite skipped="0" hostname="DESKTOP-T2GAL12" name="com.opencart.tests.AccountFailure" tests="2" failures="0" timestamp="2021-04-20T14:48:57 IST" time="23.946" errors="0">
  <testcase name="setup" time="17.181" classname="com.opencart.tests.AccountFailure"/>
  <system-out/>
  <testcase name="userLogin" time="6.765" classname="com.opencart.tests.AccountFailure"/>
  <system-out/>
</testsuite> <!-- com.opencart.tests.AccountFailure -->
