<?xml version="1.0" encoding="UTF-8"?>
<!-- Generated by org.testng.reporters.JUnitReportReporter -->
<testsuite skipped="0" hostname="DESKTOP-T2GAL12" name="com.opencart.tests.MainTest" tests="2" failures="0" timestamp="2021-04-23T01:10:48 IST" time="40.261" errors="0">
  <testcase name="setup" time="26.481" classname="com.opencart.tests.MainTest"/>
  <system-out/>
  <testcase name="userLogin" time="13.780" classname="com.opencart.tests.MainTest"/>
  <system-out/>
</testsuite> <!-- com.opencart.tests.MainTest -->
