<?xml version="1.0" encoding="UTF-8"?>
<!-- Generated by org.testng.reporters.JUnitReportReporter -->
<testsuite hostname="DESKTOP-PB6R7TP" failures="0" tests="2" name="com.opencart.selectitem.SelectandAdd" time="10.009" errors="0" timestamp="2021-04-19T16:08:50 IST" skipped="0">
  <testcase classname="com.opencart.selectitem.SelectandAdd" name="setup" time="3.549"/>
  <system-out/>
  <testcase classname="com.opencart.selectitem.SelectandAdd" name="selectAdd" time="6.460"/>
  <system-out/>
</testsuite> <!-- com.opencart.selectitem.SelectandAdd -->
